2019-09-04 03:14:42,771 DEBUG [Forwarding newSession on session null to remote] RequestAddCookies:123 - CookieSpec selected: default
2019-09-04 03:14:42,799 DEBUG [Forwarding newSession on session null to remote] RequestAuthCache:77 - Auth cache not set in the context
2019-09-04 03:14:42,803 DEBUG [Forwarding newSession on session null to remote] PoolingHttpClientConnectionManager:255 - Connection request: [route: {}->http://localhost:17445][total kept alive: 0; route allocated: 0 of 2000; total allocated: 0 of 2000]
2019-09-04 03:14:42,834 DEBUG [Forwarding newSession on session null to remote] PoolingHttpClientConnectionManager:288 - Connection leased: [id: 0][route: {}->http://localhost:17445][total kept alive: 0; route allocated: 1 of 2000; total allocated: 1 of 2000]
2019-09-04 03:14:42,838 DEBUG [Forwarding newSession on session null to remote] MainClientExec:235 - Opening connection {}->http://localhost:17445
2019-09-04 03:14:42,841 DEBUG [Forwarding newSession on session null to remote] DefaultHttpClientConnectionOperator:139 - Connecting to localhost/127.0.0.1:17445
2019-09-04 03:14:42,844 DEBUG [Forwarding newSession on session null to remote] DefaultHttpClientConnectionOperator:146 - Connection established 127.0.0.1:49343<->127.0.0.1:17445
2019-09-04 03:14:42,845 DEBUG [Forwarding newSession on session null to remote] DefaultManagedHttpClientConnection:88 - http-outgoing-0: set socket timeout to 10800000
2019-09-04 03:14:42,846 DEBUG [Forwarding newSession on session null to remote] MainClientExec:256 - Executing request POST /session HTTP/1.1
2019-09-04 03:14:42,846 DEBUG [Forwarding newSession on session null to remote] MainClientExec:261 - Target auth state: UNCHALLENGED
2019-09-04 03:14:42,848 DEBUG [Forwarding newSession on session null to remote] MainClientExec:267 - Proxy auth state: UNCHALLENGED
2019-09-04 03:14:42,851 DEBUG [Forwarding newSession on session null to remote] headers:133 - http-outgoing-0 >> POST /session HTTP/1.1
2019-09-04 03:14:42,852 DEBUG [Forwarding newSession on session null to remote] headers:136 - http-outgoing-0 >> Content-Type: application/json; charset=utf-8
2019-09-04 03:14:42,852 DEBUG [Forwarding newSession on session null to remote] headers:136 - http-outgoing-0 >> Content-Length: 610
2019-09-04 03:14:42,853 DEBUG [Forwarding newSession on session null to remote] headers:136 - http-outgoing-0 >> Host: localhost:17445
2019-09-04 03:14:42,853 DEBUG [Forwarding newSession on session null to remote] headers:136 - http-outgoing-0 >> Connection: Keep-Alive
2019-09-04 03:14:42,856 DEBUG [Forwarding newSession on session null to remote] headers:136 - http-outgoing-0 >> User-Agent: Apache-HttpClient/4.5.3 (Java/1.8.0_111)
2019-09-04 03:14:42,856 DEBUG [Forwarding newSession on session null to remote] headers:136 - http-outgoing-0 >> Accept-Encoding: gzip,deflate
2019-09-04 03:14:42,859 DEBUG [Forwarding newSession on session null to remote] wire:73 - http-outgoing-0 >> "POST /session HTTP/1.1[\r][\n]"
2019-09-04 03:14:42,860 DEBUG [Forwarding newSession on session null to remote] wire:73 - http-outgoing-0 >> "Content-Type: application/json; charset=utf-8[\r][\n]"
2019-09-04 03:14:42,860 DEBUG [Forwarding newSession on session null to remote] wire:73 - http-outgoing-0 >> "Content-Length: 610[\r][\n]"
2019-09-04 03:14:42,861 DEBUG [Forwarding newSession on session null to remote] wire:73 - http-outgoing-0 >> "Host: localhost:17445[\r][\n]"
2019-09-04 03:14:42,861 DEBUG [Forwarding newSession on session null to remote] wire:73 - http-outgoing-0 >> "Connection: Keep-Alive[\r][\n]"
2019-09-04 03:14:42,862 DEBUG [Forwarding newSession on session null to remote] wire:73 - http-outgoing-0 >> "User-Agent: Apache-HttpClient/4.5.3 (Java/1.8.0_111)[\r][\n]"
2019-09-04 03:14:42,862 DEBUG [Forwarding newSession on session null to remote] wire:73 - http-outgoing-0 >> "Accept-Encoding: gzip,deflate[\r][\n]"
2019-09-04 03:14:42,863 DEBUG [Forwarding newSession on session null to remote] wire:73 - http-outgoing-0 >> "[\r][\n]"
2019-09-04 03:14:42,864 DEBUG [Forwarding newSession on session null to remote] wire:73 - http-outgoing-0 >> "{[\n]"
2019-09-04 03:14:42,864 DEBUG [Forwarding newSession on session null to remote] wire:73 - http-outgoing-0 >> "  "desiredCapabilities": {[\n]"
2019-09-04 03:14:42,865 DEBUG [Forwarding newSession on session null to remote] wire:73 - http-outgoing-0 >> "    "browserName": "chrome",[\n]"
2019-09-04 03:14:42,865 DEBUG [Forwarding newSession on session null to remote] wire:73 - http-outgoing-0 >> "    "chromeOptions": {[\n]"
2019-09-04 03:14:42,866 DEBUG [Forwarding newSession on session null to remote] wire:73 - http-outgoing-0 >> "      "args": [[\n]"
2019-09-04 03:14:42,866 DEBUG [Forwarding newSession on session null to remote] wire:73 - http-outgoing-0 >> "        "--headless"[\n]"
2019-09-04 03:14:42,866 DEBUG [Forwarding newSession on session null to remote] wire:73 - http-outgoing-0 >> "      ],[\n]"
2019-09-04 03:14:42,867 DEBUG [Forwarding newSession on session null to remote] wire:73 - http-outgoing-0 >> "      "extensions": [][\n]"
2019-09-04 03:14:42,867 DEBUG [Forwarding newSession on session null to remote] wire:73 - http-outgoing-0 >> "    },[\n]"
2019-09-04 03:14:42,868 DEBUG [Forwarding newSession on session null to remote] wire:73 - http-outgoing-0 >> "    "version": "",[\n]"
2019-09-04 03:14:42,868 DEBUG [Forwarding newSession on session null to remote] wire:73 - http-outgoing-0 >> "    "platform": "ANY"[\n]"
2019-09-04 03:14:42,869 DEBUG [Forwarding newSession on session null to remote] wire:73 - http-outgoing-0 >> "  },[\n]"
2019-09-04 03:14:42,869 DEBUG [Forwarding newSession on session null to remote] wire:73 - http-outgoing-0 >> "  "requiredCapabilities": {},[\n]"
2019-09-04 03:14:42,870 DEBUG [Forwarding newSession on session null to remote] wire:73 - http-outgoing-0 >> "  "capabilities": {[\n]"
2019-09-04 03:14:42,870 DEBUG [Forwarding newSession on session null to remote] wire:73 - http-outgoing-0 >> "    "desiredCapabilities": {[\n]"
2019-09-04 03:14:42,871 DEBUG [Forwarding newSession on session null to remote] wire:73 - http-outgoing-0 >> "      "browserName": "chrome",[\n]"
2019-09-04 03:14:42,871 DEBUG [Forwarding newSession on session null to remote] wire:73 - http-outgoing-0 >> "      "chromeOptions": {[\n]"
2019-09-04 03:14:42,872 DEBUG [Forwarding newSession on session null to remote] wire:73 - http-outgoing-0 >> "        "args": [[\n]"
2019-09-04 03:14:42,872 DEBUG [Forwarding newSession on session null to remote] wire:73 - http-outgoing-0 >> "          "--headless"[\n]"
2019-09-04 03:14:42,873 DEBUG [Forwarding newSession on session null to remote] wire:73 - http-outgoing-0 >> "        ],[\n]"
2019-09-04 03:14:42,873 DEBUG [Forwarding newSession on session null to remote] wire:73 - http-outgoing-0 >> "        "extensions": [][\n]"
2019-09-04 03:14:42,874 DEBUG [Forwarding newSession on session null to remote] wire:73 - http-outgoing-0 >> "      },[\n]"
2019-09-04 03:14:42,874 DEBUG [Forwarding newSession on session null to remote] wire:73 - http-outgoing-0 >> "      "version": "",[\n]"
2019-09-04 03:14:42,874 DEBUG [Forwarding newSession on session null to remote] wire:73 - http-outgoing-0 >> "      "platform": "ANY"[\n]"
2019-09-04 03:14:42,875 DEBUG [Forwarding newSession on session null to remote] wire:73 - http-outgoing-0 >> "    },[\n]"
2019-09-04 03:14:42,875 DEBUG [Forwarding newSession on session null to remote] wire:73 - http-outgoing-0 >> "    "requiredCapabilities": {},[\n]"
2019-09-04 03:14:42,876 DEBUG [Forwarding newSession on session null to remote] wire:73 - http-outgoing-0 >> "    "alwaysMatch": {},[\n]"
2019-09-04 03:14:42,876 DEBUG [Forwarding newSession on session null to remote] wire:73 - http-outgoing-0 >> "    "firstMatch": [[\n]"
2019-09-04 03:14:42,877 DEBUG [Forwarding newSession on session null to remote] wire:73 - http-outgoing-0 >> "      {[\n]"
2019-09-04 03:14:42,877 DEBUG [Forwarding newSession on session null to remote] wire:73 - http-outgoing-0 >> "        "browserName": "chrome"[\n]"
2019-09-04 03:14:42,878 DEBUG [Forwarding newSession on session null to remote] wire:73 - http-outgoing-0 >> "      }[\n]"
2019-09-04 03:14:42,878 DEBUG [Forwarding newSession on session null to remote] wire:73 - http-outgoing-0 >> "    ][\n]"
2019-09-04 03:14:42,879 DEBUG [Forwarding newSession on session null to remote] wire:73 - http-outgoing-0 >> "  }[\n]"
2019-09-04 03:14:42,879 DEBUG [Forwarding newSession on session null to remote] wire:87 - http-outgoing-0 >> "}"
2019-09-04 03:14:44,954 DEBUG [Forwarding newSession on session null to remote] wire:73 - http-outgoing-0 << "HTTP/1.1 200 OK[\r][\n]"
2019-09-04 03:14:44,956 DEBUG [Forwarding newSession on session null to remote] wire:73 - http-outgoing-0 << "Content-Length:688[\r][\n]"
2019-09-04 03:14:44,956 DEBUG [Forwarding newSession on session null to remote] wire:73 - http-outgoing-0 << "Content-Type:application/json; charset=utf-8[\r][\n]"
2019-09-04 03:14:44,957 DEBUG [Forwarding newSession on session null to remote] wire:73 - http-outgoing-0 << "cache-control:no-cache[\r][\n]"
2019-09-04 03:14:44,957 DEBUG [Forwarding newSession on session null to remote] wire:73 - http-outgoing-0 << "[\r][\n]"
2019-09-04 03:14:44,958 DEBUG [Forwarding newSession on session null to remote] wire:87 - http-outgoing-0 << "{"value":{"capabilities":{"acceptInsecureCerts":false,"browserName":"chrome","browserVersion":"76.0.3809.132","chrome":{"chromedriverVersion":"76.0.3809.126 (d80a294506b4c9d18015e755cee48f953ddc3f2f-refs/branch-heads/3809@{#1024})","userDataDir":"C:\\Users\\Debalina\\AppData\\Local\\Temp\\scoped_dir12924_1287170655"},"goog:chromeOptions":{"debuggerAddress":"localhost:49344"},"networkConnectionEnabled":false,"pageLoadStrategy":"normal","platformName":"windows nt","proxy":{},"setWindowRect":true,"strictFileInteractability":false,"timeouts":{"implicit":0,"pageLoad":300000,"script":30000},"unhandledPromptBehavior":"dismiss and notify"},"sessionId":"e2b8dd2945271cdf80256063ccf9a8b4"}}"
2019-09-04 03:14:44,964 DEBUG [Forwarding newSession on session null to remote] headers:122 - http-outgoing-0 << HTTP/1.1 200 OK
2019-09-04 03:14:44,965 DEBUG [Forwarding newSession on session null to remote] headers:125 - http-outgoing-0 << Content-Length:688
2019-09-04 03:14:44,965 DEBUG [Forwarding newSession on session null to remote] headers:125 - http-outgoing-0 << Content-Type:application/json; charset=utf-8
2019-09-04 03:14:44,965 DEBUG [Forwarding newSession on session null to remote] headers:125 - http-outgoing-0 << cache-control:no-cache
2019-09-04 03:14:44,976 DEBUG [Forwarding newSession on session null to remote] MainClientExec:285 - Connection can be kept alive indefinitely
2019-09-04 03:14:44,985 DEBUG [Forwarding newSession on session null to remote] PoolingHttpClientConnectionManager:320 - Connection [id: 0][route: {}->http://localhost:17445] can be kept alive indefinitely
2019-09-04 03:14:44,987 DEBUG [Forwarding newSession on session null to remote] PoolingHttpClientConnectionManager:326 - Connection released: [id: 0][route: {}->http://localhost:17445][total kept alive: 1; route allocated: 1 of 2000; total allocated: 1 of 2000]
2019-09-04 03:14:45,120 DEBUG [Forwarding get on session e2b8dd2945271cdf80256063ccf9a8b4 to remote] RequestAddCookies:123 - CookieSpec selected: default
2019-09-04 03:14:45,121 DEBUG [Forwarding get on session e2b8dd2945271cdf80256063ccf9a8b4 to remote] RequestAuthCache:77 - Auth cache not set in the context
2019-09-04 03:14:45,122 DEBUG [Forwarding get on session e2b8dd2945271cdf80256063ccf9a8b4 to remote] PoolingHttpClientConnectionManager:255 - Connection request: [route: {}->http://localhost:17445][total kept alive: 1; route allocated: 1 of 2000; total allocated: 1 of 2000]
2019-09-04 03:14:45,123 DEBUG [Forwarding get on session e2b8dd2945271cdf80256063ccf9a8b4 to remote] PoolingHttpClientConnectionManager:288 - Connection leased: [id: 0][route: {}->http://localhost:17445][total kept alive: 0; route allocated: 1 of 2000; total allocated: 1 of 2000]
2019-09-04 03:14:45,123 DEBUG [Forwarding get on session e2b8dd2945271cdf80256063ccf9a8b4 to remote] MainClientExec:208 - Stale connection check
2019-09-04 03:14:45,125 DEBUG [Forwarding get on session e2b8dd2945271cdf80256063ccf9a8b4 to remote] wire:87 - http-outgoing-0 << "[read] I/O error: Read timed out"
2019-09-04 03:14:45,126 DEBUG [Forwarding get on session e2b8dd2945271cdf80256063ccf9a8b4 to remote] DefaultManagedHttpClientConnection:88 - http-outgoing-0: set socket timeout to 10800000
2019-09-04 03:14:45,126 DEBUG [Forwarding get on session e2b8dd2945271cdf80256063ccf9a8b4 to remote] MainClientExec:256 - Executing request POST /session/e2b8dd2945271cdf80256063ccf9a8b4/url HTTP/1.1
2019-09-04 03:14:45,127 DEBUG [Forwarding get on session e2b8dd2945271cdf80256063ccf9a8b4 to remote] MainClientExec:261 - Target auth state: UNCHALLENGED
2019-09-04 03:14:45,127 DEBUG [Forwarding get on session e2b8dd2945271cdf80256063ccf9a8b4 to remote] MainClientExec:267 - Proxy auth state: UNCHALLENGED
2019-09-04 03:14:45,128 DEBUG [Forwarding get on session e2b8dd2945271cdf80256063ccf9a8b4 to remote] headers:133 - http-outgoing-0 >> POST /session/e2b8dd2945271cdf80256063ccf9a8b4/url HTTP/1.1
2019-09-04 03:14:45,129 DEBUG [Forwarding get on session e2b8dd2945271cdf80256063ccf9a8b4 to remote] headers:136 - http-outgoing-0 >> Content-Type: application/json; charset=utf-8
2019-09-04 03:14:45,130 DEBUG [Forwarding get on session e2b8dd2945271cdf80256063ccf9a8b4 to remote] headers:136 - http-outgoing-0 >> Content-Length: 43
2019-09-04 03:14:45,131 DEBUG [Forwarding get on session e2b8dd2945271cdf80256063ccf9a8b4 to remote] headers:136 - http-outgoing-0 >> Host: localhost:17445
2019-09-04 03:14:45,132 DEBUG [Forwarding get on session e2b8dd2945271cdf80256063ccf9a8b4 to remote] headers:136 - http-outgoing-0 >> Connection: Keep-Alive
2019-09-04 03:14:45,132 DEBUG [Forwarding get on session e2b8dd2945271cdf80256063ccf9a8b4 to remote] headers:136 - http-outgoing-0 >> User-Agent: Apache-HttpClient/4.5.3 (Java/1.8.0_111)
2019-09-04 03:14:45,132 DEBUG [Forwarding get on session e2b8dd2945271cdf80256063ccf9a8b4 to remote] headers:136 - http-outgoing-0 >> Accept-Encoding: gzip,deflate
2019-09-04 03:14:45,133 DEBUG [Forwarding get on session e2b8dd2945271cdf80256063ccf9a8b4 to remote] wire:73 - http-outgoing-0 >> "POST /session/e2b8dd2945271cdf80256063ccf9a8b4/url HTTP/1.1[\r][\n]"
2019-09-04 03:14:45,134 DEBUG [Forwarding get on session e2b8dd2945271cdf80256063ccf9a8b4 to remote] wire:73 - http-outgoing-0 >> "Content-Type: application/json; charset=utf-8[\r][\n]"
2019-09-04 03:14:45,134 DEBUG [Forwarding get on session e2b8dd2945271cdf80256063ccf9a8b4 to remote] wire:73 - http-outgoing-0 >> "Content-Length: 43[\r][\n]"
2019-09-04 03:14:45,135 DEBUG [Forwarding get on session e2b8dd2945271cdf80256063ccf9a8b4 to remote] wire:73 - http-outgoing-0 >> "Host: localhost:17445[\r][\n]"
2019-09-04 03:14:45,135 DEBUG [Forwarding get on session e2b8dd2945271cdf80256063ccf9a8b4 to remote] wire:73 - http-outgoing-0 >> "Connection: Keep-Alive[\r][\n]"
2019-09-04 03:14:45,136 DEBUG [Forwarding get on session e2b8dd2945271cdf80256063ccf9a8b4 to remote] wire:73 - http-outgoing-0 >> "User-Agent: Apache-HttpClient/4.5.3 (Java/1.8.0_111)[\r][\n]"
2019-09-04 03:14:45,137 DEBUG [Forwarding get on session e2b8dd2945271cdf80256063ccf9a8b4 to remote] wire:73 - http-outgoing-0 >> "Accept-Encoding: gzip,deflate[\r][\n]"
2019-09-04 03:14:45,137 DEBUG [Forwarding get on session e2b8dd2945271cdf80256063ccf9a8b4 to remote] wire:73 - http-outgoing-0 >> "[\r][\n]"
2019-09-04 03:14:45,138 DEBUG [Forwarding get on session e2b8dd2945271cdf80256063ccf9a8b4 to remote] wire:87 - http-outgoing-0 >> "{"url":"https://www.crmpro.com/index.html"}"
2019-09-04 03:14:55,994 DEBUG [Forwarding get on session e2b8dd2945271cdf80256063ccf9a8b4 to remote] wire:73 - http-outgoing-0 << "HTTP/1.1 200 OK[\r][\n]"
2019-09-04 03:14:55,995 DEBUG [Forwarding get on session e2b8dd2945271cdf80256063ccf9a8b4 to remote] wire:73 - http-outgoing-0 << "Content-Length:14[\r][\n]"
2019-09-04 03:14:55,995 DEBUG [Forwarding get on session e2b8dd2945271cdf80256063ccf9a8b4 to remote] wire:73 - http-outgoing-0 << "Content-Type:application/json; charset=utf-8[\r][\n]"
2019-09-04 03:14:55,996 DEBUG [Forwarding get on session e2b8dd2945271cdf80256063ccf9a8b4 to remote] wire:73 - http-outgoing-0 << "cache-control:no-cache[\r][\n]"
2019-09-04 03:14:55,997 DEBUG [Forwarding get on session e2b8dd2945271cdf80256063ccf9a8b4 to remote] wire:73 - http-outgoing-0 << "[\r][\n]"
2019-09-04 03:14:55,998 DEBUG [Forwarding get on session e2b8dd2945271cdf80256063ccf9a8b4 to remote] wire:87 - http-outgoing-0 << "{"value":null}"
2019-09-04 03:14:55,998 DEBUG [Forwarding get on session e2b8dd2945271cdf80256063ccf9a8b4 to remote] headers:122 - http-outgoing-0 << HTTP/1.1 200 OK
2019-09-04 03:14:55,999 DEBUG [Forwarding get on session e2b8dd2945271cdf80256063ccf9a8b4 to remote] headers:125 - http-outgoing-0 << Content-Length:14
2019-09-04 03:14:55,999 DEBUG [Forwarding get on session e2b8dd2945271cdf80256063ccf9a8b4 to remote] headers:125 - http-outgoing-0 << Content-Type:application/json; charset=utf-8
2019-09-04 03:14:55,999 DEBUG [Forwarding get on session e2b8dd2945271cdf80256063ccf9a8b4 to remote] headers:125 - http-outgoing-0 << cache-control:no-cache
2019-09-04 03:14:56,000 DEBUG [Forwarding get on session e2b8dd2945271cdf80256063ccf9a8b4 to remote] MainClientExec:285 - Connection can be kept alive indefinitely
2019-09-04 03:14:56,001 DEBUG [Forwarding get on session e2b8dd2945271cdf80256063ccf9a8b4 to remote] PoolingHttpClientConnectionManager:320 - Connection [id: 0][route: {}->http://localhost:17445] can be kept alive indefinitely
2019-09-04 03:14:56,001 DEBUG [Forwarding get on session e2b8dd2945271cdf80256063ccf9a8b4 to remote] PoolingHttpClientConnectionManager:326 - Connection released: [id: 0][route: {}->http://localhost:17445][total kept alive: 1; route allocated: 1 of 2000; total allocated: 1 of 2000]
2019-09-04 03:14:56,008 DEBUG [Forwarding getTitle on session e2b8dd2945271cdf80256063ccf9a8b4 to remote] RequestAddCookies:123 - CookieSpec selected: default
2019-09-04 03:14:56,009 DEBUG [Forwarding getTitle on session e2b8dd2945271cdf80256063ccf9a8b4 to remote] RequestAuthCache:77 - Auth cache not set in the context
2019-09-04 03:14:56,010 DEBUG [Forwarding getTitle on session e2b8dd2945271cdf80256063ccf9a8b4 to remote] PoolingHttpClientConnectionManager:255 - Connection request: [route: {}->http://localhost:17445][total kept alive: 1; route allocated: 1 of 2000; total allocated: 1 of 2000]
2019-09-04 03:14:56,012 DEBUG [Forwarding getTitle on session e2b8dd2945271cdf80256063ccf9a8b4 to remote] PoolingHttpClientConnectionManager:288 - Connection leased: [id: 0][route: {}->http://localhost:17445][total kept alive: 0; route allocated: 1 of 2000; total allocated: 1 of 2000]
2019-09-04 03:14:56,012 DEBUG [Forwarding getTitle on session e2b8dd2945271cdf80256063ccf9a8b4 to remote] MainClientExec:208 - Stale connection check
2019-09-04 03:14:56,014 DEBUG [Forwarding getTitle on session e2b8dd2945271cdf80256063ccf9a8b4 to remote] wire:87 - http-outgoing-0 << "[read] I/O error: Read timed out"
2019-09-04 03:14:56,015 DEBUG [Forwarding getTitle on session e2b8dd2945271cdf80256063ccf9a8b4 to remote] DefaultManagedHttpClientConnection:88 - http-outgoing-0: set socket timeout to 10800000
2019-09-04 03:14:56,015 DEBUG [Forwarding getTitle on session e2b8dd2945271cdf80256063ccf9a8b4 to remote] MainClientExec:256 - Executing request GET /session/e2b8dd2945271cdf80256063ccf9a8b4/title HTTP/1.1
2019-09-04 03:14:56,016 DEBUG [Forwarding getTitle on session e2b8dd2945271cdf80256063ccf9a8b4 to remote] MainClientExec:261 - Target auth state: UNCHALLENGED
2019-09-04 03:14:56,016 DEBUG [Forwarding getTitle on session e2b8dd2945271cdf80256063ccf9a8b4 to remote] MainClientExec:267 - Proxy auth state: UNCHALLENGED
2019-09-04 03:14:56,016 DEBUG [Forwarding getTitle on session e2b8dd2945271cdf80256063ccf9a8b4 to remote] headers:133 - http-outgoing-0 >> GET /session/e2b8dd2945271cdf80256063ccf9a8b4/title HTTP/1.1
2019-09-04 03:14:56,017 DEBUG [Forwarding getTitle on session e2b8dd2945271cdf80256063ccf9a8b4 to remote] headers:136 - http-outgoing-0 >> Cache-Control: no-cache
2019-09-04 03:14:56,017 DEBUG [Forwarding getTitle on session e2b8dd2945271cdf80256063ccf9a8b4 to remote] headers:136 - http-outgoing-0 >> Host: localhost:17445
2019-09-04 03:14:56,018 DEBUG [Forwarding getTitle on session e2b8dd2945271cdf80256063ccf9a8b4 to remote] headers:136 - http-outgoing-0 >> Connection: Keep-Alive
2019-09-04 03:14:56,018 DEBUG [Forwarding getTitle on session e2b8dd2945271cdf80256063ccf9a8b4 to remote] headers:136 - http-outgoing-0 >> User-Agent: Apache-HttpClient/4.5.3 (Java/1.8.0_111)
2019-09-04 03:14:56,019 DEBUG [Forwarding getTitle on session e2b8dd2945271cdf80256063ccf9a8b4 to remote] headers:136 - http-outgoing-0 >> Accept-Encoding: gzip,deflate
2019-09-04 03:14:56,019 DEBUG [Forwarding getTitle on session e2b8dd2945271cdf80256063ccf9a8b4 to remote] wire:73 - http-outgoing-0 >> "GET /session/e2b8dd2945271cdf80256063ccf9a8b4/title HTTP/1.1[\r][\n]"
2019-09-04 03:14:56,020 DEBUG [Forwarding getTitle on session e2b8dd2945271cdf80256063ccf9a8b4 to remote] wire:73 - http-outgoing-0 >> "Cache-Control: no-cache[\r][\n]"
2019-09-04 03:14:56,020 DEBUG [Forwarding getTitle on session e2b8dd2945271cdf80256063ccf9a8b4 to remote] wire:73 - http-outgoing-0 >> "Host: localhost:17445[\r][\n]"
2019-09-04 03:14:56,020 DEBUG [Forwarding getTitle on session e2b8dd2945271cdf80256063ccf9a8b4 to remote] wire:73 - http-outgoing-0 >> "Connection: Keep-Alive[\r][\n]"
2019-09-04 03:14:56,021 DEBUG [Forwarding getTitle on session e2b8dd2945271cdf80256063ccf9a8b4 to remote] wire:73 - http-outgoing-0 >> "User-Agent: Apache-HttpClient/4.5.3 (Java/1.8.0_111)[\r][\n]"
2019-09-04 03:14:56,021 DEBUG [Forwarding getTitle on session e2b8dd2945271cdf80256063ccf9a8b4 to remote] wire:73 - http-outgoing-0 >> "Accept-Encoding: gzip,deflate[\r][\n]"
2019-09-04 03:14:56,021 DEBUG [Forwarding getTitle on session e2b8dd2945271cdf80256063ccf9a8b4 to remote] wire:73 - http-outgoing-0 >> "[\r][\n]"
2019-09-04 03:14:56,036 DEBUG [Forwarding getTitle on session e2b8dd2945271cdf80256063ccf9a8b4 to remote] wire:73 - http-outgoing-0 << "HTTP/1.1 200 OK[\r][\n]"
2019-09-04 03:14:56,036 DEBUG [Forwarding getTitle on session e2b8dd2945271cdf80256063ccf9a8b4 to remote] wire:73 - http-outgoing-0 << "Content-Length:91[\r][\n]"
2019-09-04 03:14:56,037 DEBUG [Forwarding getTitle on session e2b8dd2945271cdf80256063ccf9a8b4 to remote] wire:73 - http-outgoing-0 << "Content-Type:application/json; charset=utf-8[\r][\n]"
2019-09-04 03:14:56,037 DEBUG [Forwarding getTitle on session e2b8dd2945271cdf80256063ccf9a8b4 to remote] wire:73 - http-outgoing-0 << "cache-control:no-cache[\r][\n]"
2019-09-04 03:14:56,038 DEBUG [Forwarding getTitle on session e2b8dd2945271cdf80256063ccf9a8b4 to remote] wire:73 - http-outgoing-0 << "[\r][\n]"
2019-09-04 03:14:56,038 DEBUG [Forwarding getTitle on session e2b8dd2945271cdf80256063ccf9a8b4 to remote] wire:87 - http-outgoing-0 << "{"value":"CRMPRO - CRM software for customer relationship management, sales, and support."}"
2019-09-04 03:14:56,038 DEBUG [Forwarding getTitle on session e2b8dd2945271cdf80256063ccf9a8b4 to remote] headers:122 - http-outgoing-0 << HTTP/1.1 200 OK
2019-09-04 03:14:56,039 DEBUG [Forwarding getTitle on session e2b8dd2945271cdf80256063ccf9a8b4 to remote] headers:125 - http-outgoing-0 << Content-Length:91
2019-09-04 03:14:56,039 DEBUG [Forwarding getTitle on session e2b8dd2945271cdf80256063ccf9a8b4 to remote] headers:125 - http-outgoing-0 << Content-Type:application/json; charset=utf-8
2019-09-04 03:14:56,039 DEBUG [Forwarding getTitle on session e2b8dd2945271cdf80256063ccf9a8b4 to remote] headers:125 - http-outgoing-0 << cache-control:no-cache
2019-09-04 03:14:56,040 DEBUG [Forwarding getTitle on session e2b8dd2945271cdf80256063ccf9a8b4 to remote] MainClientExec:285 - Connection can be kept alive indefinitely
2019-09-04 03:14:56,040 DEBUG [Forwarding getTitle on session e2b8dd2945271cdf80256063ccf9a8b4 to remote] PoolingHttpClientConnectionManager:320 - Connection [id: 0][route: {}->http://localhost:17445] can be kept alive indefinitely
2019-09-04 03:14:56,041 DEBUG [Forwarding getTitle on session e2b8dd2945271cdf80256063ccf9a8b4 to remote] PoolingHttpClientConnectionManager:326 - Connection released: [id: 0][route: {}->http://localhost:17445][total kept alive: 1; route allocated: 1 of 2000; total allocated: 1 of 2000]
